<?xml version="1.0" encoding="UTF-8"?>
<testng-results skipped="0" failed="0" ignored="0" total="0" passed="0">
  <reporter-output>
  </reporter-output>
  <suite name="Suite" duration-ms="31" started-at="2025-11-07T16:09:01 IST" finished-at="2025-11-07T16:09:01 IST">
    <groups>
    </groups>
    <test name="Playwright_Dev" duration-ms="31" started-at="2025-11-07T16:09:01 IST" finished-at="2025-11-07T16:09:01 IST">
    </test> <!-- Playwright_Dev -->
  </suite> <!-- Suite -->
</testng-results>
